-----------------------------------------------------------------
PBS: job identifier is lab5 2749.iccsl01.iccsl.gonzaga.edu
------------------------------------------------------
Tue Mar 24 22:13:43 PDT 2015
n: 40000 np: 1 sort: 0
Elapsed time is 0.006672 sec
Tue Mar 24 22:13:44 PDT 2015
-----------------------------------------------------------------
PBS: job identifier is lab5 2750.iccsl01.iccsl.gonzaga.edu
------------------------------------------------------
Tue Mar 24 22:13:45 PDT 2015
n: 40000 np: 4 sort: 0
Elapsed time is 0.002889 sec
Tue Mar 24 22:13:46 PDT 2015
-----------------------------------------------------------------
PBS: job identifier is lab5 2751.iccsl01.iccsl.gonzaga.edu
------------------------------------------------------
Tue Mar 24 22:13:47 PDT 2015
n: 40000 np: 8 sort: 0
Elapsed time is 0.002142 sec
Tue Mar 24 22:13:47 PDT 2015
-----------------------------------------------------------------
PBS: job identifier is lab5 2752.iccsl01.iccsl.gonzaga.edu
------------------------------------------------------
Tue Mar 24 22:13:48 PDT 2015
n: 40000 np: 16 sort: 0
Elapsed time is 0.002048 sec
Tue Mar 24 22:13:49 PDT 2015
-----------------------------------------------------------------
PBS: job identifier is lab5 2753.iccsl01.iccsl.gonzaga.edu
------------------------------------------------------
Tue Mar 24 22:13:43 PDT 2015
n: 400000 np: 1 sort: 0
Elapsed time is 0.111456 sec
Tue Mar 24 22:13:44 PDT 2015
-----------------------------------------------------------------
PBS: job identifier is lab5 2754.iccsl01.iccsl.gonzaga.edu
------------------------------------------------------
Tue Mar 24 22:13:45 PDT 2015
n: 400000 np: 4 sort: 0
Elapsed time is 0.052431 sec
Tue Mar 24 22:13:46 PDT 2015
-----------------------------------------------------------------
PBS: job identifier is lab5 2755.iccsl01.iccsl.gonzaga.edu
------------------------------------------------------
Tue Mar 24 22:13:47 PDT 2015
n: 400000 np: 8 sort: 0
Elapsed time is 0.027574 sec
Tue Mar 24 22:13:47 PDT 2015
-----------------------------------------------------------------
PBS: job identifier is lab5 2756.iccsl01.iccsl.gonzaga.edu
------------------------------------------------------
Tue Mar 24 22:13:48 PDT 2015
n: 400000 np: 16 sort: 0
Elapsed time is 0.020819 sec
Tue Mar 24 22:13:49 PDT 2015
-----------------------------------------------------------------
PBS: job identifier is lab5 2757.iccsl01.iccsl.gonzaga.edu
------------------------------------------------------
Tue Mar 24 22:13:43 PDT 2015
n: 40000 np: 1 sort: 1
Elapsed time is 10.785281 sec
Tue Mar 24 22:13:55 PDT 2015
-----------------------------------------------------------------
PBS: job identifier is lab5 2758.iccsl01.iccsl.gonzaga.edu
------------------------------------------------------
Tue Mar 24 22:13:55 PDT 2015
n: 40000 np: 4 sort: 1
Elapsed time is 0.620711 sec
Tue Mar 24 22:13:57 PDT 2015
-----------------------------------------------------------------
PBS: job identifier is lab5 2759.iccsl01.iccsl.gonzaga.edu
------------------------------------------------------
Tue Mar 24 22:13:57 PDT 2015
n: 40000 np: 8 sort: 1
Elapsed time is 0.151737 sec
Tue Mar 24 22:13:58 PDT 2015
-----------------------------------------------------------------
PBS: job identifier is lab5 2760.iccsl01.iccsl.gonzaga.edu
------------------------------------------------------
Tue Mar 24 22:13:59 PDT 2015
n: 40000 np: 16 sort: 1
Elapsed time is 0.037797 sec
Tue Mar 24 22:13:59 PDT 2015
-----------------------------------------------------------------
PBS: job identifier is lab5 2761.iccsl01.iccsl.gonzaga.edu
------------------------------------------------------
Tue Mar 24 22:13:44 PDT 2015
n: 400000 np: 1 sort: 1
Elapsed time is 659.263795 sec
Tue Mar 24 22:24:44 PDT 2015
-----------------------------------------------------------------
PBS: job identifier is lab5 2762.iccsl01.iccsl.gonzaga.edu
------------------------------------------------------
Tue Mar 24 22:24:44 PDT 2015
n: 400000 np: 4 sort: 1
Elapsed time is 43.119446 sec
Tue Mar 24 22:25:28 PDT 2015
-----------------------------------------------------------------
PBS: job identifier is lab5 2763.iccsl01.iccsl.gonzaga.edu
------------------------------------------------------
Tue Mar 24 22:25:28 PDT 2015
n: 400000 np: 8 sort: 1
Elapsed time is 11.120600 sec
Tue Mar 24 22:25:40 PDT 2015
-----------------------------------------------------------------
PBS: job identifier is lab5 2764.iccsl01.iccsl.gonzaga.edu
------------------------------------------------------
Tue Mar 24 22:25:41 PDT 2015
n: 400000 np: 16 sort: 1
Elapsed time is 2.844077 sec
Tue Mar 24 22:25:44 PDT 2015
