-----------------------------------------------------------------
PBS: job identifier is final 6598.iccsl01.iccsl.gonzaga.edu
------------------------------------------------------
Tue Apr 28 00:22:24 PDT 2015
n: 512 npes: 4 task_size: 8
    Elapsed time is 0.380719 sec
    n > 16, will not print matrices
-----------------------------------------------------------------
PBS: job identifier is final 6599.iccsl01.iccsl.gonzaga.edu
------------------------------------------------------
Tue Apr 28 00:22:25 PDT 2015
n: 512 npes: 8 task_size: 8
    Elapsed time is 0.178386 sec
    n > 16, will not print matrices
-----------------------------------------------------------------
PBS: job identifier is final 6600.iccsl01.iccsl.gonzaga.edu
------------------------------------------------------
Tue Apr 28 00:22:26 PDT 2015
n: 512 npes: 16 task_size: 8
    Elapsed time is 0.093413 sec
    n > 16, will not print matrices
-----------------------------------------------------------------
PBS: job identifier is final 6601.iccsl01.iccsl.gonzaga.edu
------------------------------------------------------
Tue Apr 28 00:22:28 PDT 2015
n: 1024 npes: 4 task_size: 8
    Elapsed time is 2.726833 sec
    n > 16, will not print matrices
-----------------------------------------------------------------
PBS: job identifier is final 6602.iccsl01.iccsl.gonzaga.edu
------------------------------------------------------
Tue Apr 28 00:22:32 PDT 2015
n: 1024 npes: 8 task_size: 8
    Elapsed time is 1.285378 sec
    n > 16, will not print matrices
-----------------------------------------------------------------
PBS: job identifier is final 6603.iccsl01.iccsl.gonzaga.edu
------------------------------------------------------
Tue Apr 28 00:22:34 PDT 2015
n: 1024 npes: 16 task_size: 8
    Elapsed time is 0.665355 sec
    n > 16, will not print matrices
