-----------------------------------------------------------------
PBS: job identifier is lab6 4039.iccsl01.iccsl.gonzaga.edu
------------------------------------------------------
Wed Apr  1 20:39:06 PDT 2015
n: 512 npes: 4 
    Elapsed time is 0.413952 sec
    n > 16, will not print matrices
-----------------------------------------------------------------
PBS: job identifier is lab6 4040.iccsl01.iccsl.gonzaga.edu
------------------------------------------------------
Wed Apr  1 20:39:08 PDT 2015
n: 512 npes: 8 
    Elapsed time is 0.184010 sec
    n > 16, will not print matrices
-----------------------------------------------------------------
PBS: job identifier is lab6 4041.iccsl01.iccsl.gonzaga.edu
------------------------------------------------------
Wed Apr  1 20:39:09 PDT 2015
n: 512 npes: 16 
    Elapsed time is 0.089347 sec
    n > 16, will not print matrices
-----------------------------------------------------------------
PBS: job identifier is lab6 4042.iccsl01.iccsl.gonzaga.edu
------------------------------------------------------
Wed Apr  1 20:39:11 PDT 2015
n: 1024 npes: 4 
    Elapsed time is 2.781774 sec
    n > 16, will not print matrices
-----------------------------------------------------------------
PBS: job identifier is lab6 4043.iccsl01.iccsl.gonzaga.edu
------------------------------------------------------
Wed Apr  1 20:39:15 PDT 2015
n: 1024 npes: 8 
    Elapsed time is 1.332887 sec
    n > 16, will not print matrices
-----------------------------------------------------------------
PBS: job identifier is lab6 4044.iccsl01.iccsl.gonzaga.edu
------------------------------------------------------
Wed Apr  1 20:39:17 PDT 2015
n: 1024 npes: 16 
    Elapsed time is 0.761477 sec
    n > 16, will not print matrices
