-----------------------------------------------------------------
PBS: job identifier is final 6622.iccsl01.iccsl.gonzaga.edu
------------------------------------------------------
Tue Apr 28 08:21:30 PDT 2015
n: 512 npes: 4 task_size: 16
    Elapsed time is 0.392350 sec
    n > 16, will not print matrices
-----------------------------------------------------------------
PBS: job identifier is final 6623.iccsl01.iccsl.gonzaga.edu
------------------------------------------------------
Tue Apr 28 08:21:32 PDT 2015
n: 512 npes: 8 task_size: 16
    Elapsed time is 0.222203 sec
    n > 16, will not print matrices
-----------------------------------------------------------------
PBS: job identifier is final 6624.iccsl01.iccsl.gonzaga.edu
------------------------------------------------------
Tue Apr 28 08:21:34 PDT 2015
n: 512 npes: 16 task_size: 16
    Elapsed time is 0.111401 sec
    n > 16, will not print matrices
-----------------------------------------------------------------
PBS: job identifier is final 6625.iccsl01.iccsl.gonzaga.edu
------------------------------------------------------
Tue Apr 28 08:21:35 PDT 2015
n: 1024 npes: 4 task_size: 16
    Elapsed time is 2.635942 sec
    n > 16, will not print matrices
-----------------------------------------------------------------
PBS: job identifier is final 6626.iccsl01.iccsl.gonzaga.edu
------------------------------------------------------
Tue Apr 28 08:21:39 PDT 2015
n: 1024 npes: 8 task_size: 16
    Elapsed time is 1.321583 sec
    n > 16, will not print matrices
-----------------------------------------------------------------
PBS: job identifier is final 6627.iccsl01.iccsl.gonzaga.edu
------------------------------------------------------
Tue Apr 28 08:21:41 PDT 2015
n: 1024 npes: 16 task_size: 16
    Elapsed time is 0.728677 sec
    n > 16, will not print matrices
