-----------------------------------------------------------------
PBS: job identifier is final 6604.iccsl01.iccsl.gonzaga.edu
------------------------------------------------------
Tue Apr 28 08:15:21 PDT 2015
n: 512 npes: 4 task_size: 4
    Elapsed time is 0.365691 sec
    n > 16, will not print matrices
-----------------------------------------------------------------
PBS: job identifier is final 6605.iccsl01.iccsl.gonzaga.edu
------------------------------------------------------
Tue Apr 28 08:15:22 PDT 2015
n: 512 npes: 8 task_size: 4
    Elapsed time is 0.170310 sec
    n > 16, will not print matrices
-----------------------------------------------------------------
PBS: job identifier is final 6606.iccsl01.iccsl.gonzaga.edu
------------------------------------------------------
Tue Apr 28 08:15:23 PDT 2015
n: 512 npes: 16 task_size: 4
    Elapsed time is 0.097080 sec
    n > 16, will not print matrices
-----------------------------------------------------------------
PBS: job identifier is final 6607.iccsl01.iccsl.gonzaga.edu
------------------------------------------------------
Tue Apr 28 08:15:25 PDT 2015
n: 1024 npes: 4 task_size: 4
    Elapsed time is 2.564407 sec
    n > 16, will not print matrices
-----------------------------------------------------------------
PBS: job identifier is final 6608.iccsl01.iccsl.gonzaga.edu
------------------------------------------------------
Tue Apr 28 08:15:29 PDT 2015
n: 1024 npes: 8 task_size: 4
    Elapsed time is 1.265513 sec
    n > 16, will not print matrices
-----------------------------------------------------------------
PBS: job identifier is final 6609.iccsl01.iccsl.gonzaga.edu
------------------------------------------------------
Tue Apr 28 08:15:31 PDT 2015
n: 1024 npes: 16 task_size: 4
    Elapsed time is 0.642255 sec
    n > 16, will not print matrices
