-----------------------------------------------------------------
PBS: job identifier is final 6652.iccsl01.iccsl.gonzaga.edu
------------------------------------------------------
Tue Apr 28 08:24:24 PDT 2015
n: 512 npes: 4 task_size: 64
    Elapsed time is 0.478020 sec
    n > 16, will not print matrices
-----------------------------------------------------------------
PBS: job identifier is final 6653.iccsl01.iccsl.gonzaga.edu
------------------------------------------------------
Tue Apr 28 08:24:25 PDT 2015
n: 512 npes: 8 task_size: 64
    Elapsed time is 0.278548 sec
    n > 16, will not print matrices
-----------------------------------------------------------------
PBS: job identifier is final 6654.iccsl01.iccsl.gonzaga.edu
------------------------------------------------------
Tue Apr 28 08:24:27 PDT 2015
n: 512 npes: 16 task_size: 64
    Elapsed time is 0.142783 sec
    n > 16, will not print matrices
-----------------------------------------------------------------
PBS: job identifier is final 6655.iccsl01.iccsl.gonzaga.edu
------------------------------------------------------
Tue Apr 28 08:24:28 PDT 2015
n: 1024 npes: 4 task_size: 64
    Elapsed time is 2.824366 sec
    n > 16, will not print matrices
-----------------------------------------------------------------
PBS: job identifier is final 6656.iccsl01.iccsl.gonzaga.edu
------------------------------------------------------
Tue Apr 28 08:24:32 PDT 2015
n: 1024 npes: 8 task_size: 64
    Elapsed time is 1.540323 sec
    n > 16, will not print matrices
-----------------------------------------------------------------
PBS: job identifier is final 6657.iccsl01.iccsl.gonzaga.edu
------------------------------------------------------
Tue Apr 28 08:24:35 PDT 2015
n: 1024 npes: 16 task_size: 64
    Elapsed time is 1.118456 sec
    n > 16, will not print matrices
